WARNING (09/26/22 17:35:47): LAUNCHER_WORKDIR variable not set. Using current directory.
Launcher: Setup complete.

------------- SUMMARY ---------------
   Number of hosts:    2
   Working directory:  /home1/09048/fazhou
   Processes per host: 48
   Total processes:    96
   Total jobs:         5
   Scheduling method:  dynamic

-------------------------------------
Launcher: Starting parallel tasks...
using /tmp/launcher.10346318.hostlist.DrfkfgkW to get hosts
starting job on c484-094
starting job on c498-132
Warning: Permanently added 'c498-132' (ECDSA) to the list of known hosts.
Warning: Permanently added 'c484-094' (ECDSA) to the list of known hosts.
Launcher: Task 1 running job 3 on c484-094.stampede2.tacc.utexas.edu (./ex5 -m star.mesh -rl 2)
Launcher: Task 39 running job 2 on c484-094.stampede2.tacc.utexas.edu (./ex5 -m star.mesh -rl 1)
Launcher: Task 31 running job 4 on c484-094.stampede2.tacc.utexas.edu (./ex5 -m star.mesh -rl 3)
Launcher: Task 20 running job 1 on c484-094.stampede2.tacc.utexas.edu (./ex5 -m star.mesh -rl 0)
Launcher: Task 32 running job 5 on c484-094.stampede2.tacc.utexas.edu (./ex5 -m star.mesh -rl 4)
Options used:
   --mesh star.mesh
   --order 1
   --no-partial-assembly
   --refinement-levels 2
   --device cpu
   --visualization
Device configuration: cpu
Memory configuration: host-std
Options used:
   --mesh star.mesh
   --order 1
   --no-partial-assembly
   --refinement-levels 4
   --device cpu
   --visualization
Device configuration: cpu
Memory configuration: host-std
Options used:
   --mesh star.mesh
   --order 1
   --no-partial-assembly
   --refinement-levels 3
   --device cpu
   --visualization
Device configuration: cpu
Memory configuration: host-std
Options used:
   --mesh star.mesh
   --order 1
   --no-partial-assembly
   --refinement-levels 0
   --device cpu
   --visualization
Device configuration: cpu
Memory configuration: host-std
Options used:
   --mesh star.mesh
   --order 1
   --no-partial-assembly
   --refinement-levels 1
   --device cpu
   --visualization
Device configuration: cpu
Memory configuration: host-std
***********************************************************
dim(R) = 180
dim(W) = 80
dim(R+W) = 260
***********************************************************
MINRES: iteration   0: ||r||_B = 14.9747
MINRES: iteration   1: ||r||_B = 10.1524
MINRES: iteration   2: ||r||_B = 6.85491
MINRES: iteration   3: ||r||_B = 2.91619
MINRES: iteration   4: ||r||_B = 2.91458
MINRES: iteration   5: ||r||_B = 1.33249
MINRES: iteration   6: ||r||_B = 1.27454
MINRES: iteration   7: ||r||_B = 0.839122
MINRES: iteration   8: ||r||_B = 0.660191
MINRES: iteration   9: ||r||_B = 0.589748
MINRES: iteration  10: ||r||_B = 0.317013
MINRES: iteration  11: ||r||_B = 0.316978
MINRES: iteration  12: ||r||_B = 0.196191
MINRES: iteration  13: ||r||_B = 0.157492
MINRES: iteration  14: ||r||_B = 0.134347
MINRES: iteration  15: ||r||_B = 0.0734511
MINRES: iteration  16: ||r||_B = 0.0712428
MINRES: iteration  17: ||r||_B = 0.0488166
MINRES: iteration  18: ||r||_B = 0.0335935
MINRES: iteration  19: ||r||_B = 0.0334733
MINRES: iteration  20: ||r||_B = 0.0199685
MINRES: iteration  21: ||r||_B = 0.0166803
MINRES: iteration  22: ||r||_B = 0.0135653
MINRES: iteration  23: ||r||_B = 0.0077349
MINRES: iteration  24: ||r||_B = 0.00761587
MINRES: iteration  25: ||r||_B = 0.00529488
MINRES: iteration  26: ||r||_B = 0.00501253
MINRES: iteration  27: ||r||_B = 0.00441101
MINRES: iteration  28: ||r||_B = 0.00376636
MINRES: iteration  29: ||r||_B = 0.00360049
MINRES: iteration  30: ||r||_B = 0.00223934
MINRES: iteration  31: ||r||_B = 0.00213442
MINRES: iteration  32: ||r||_B = 0.0015746
MINRES: iteration  33: ||r||_B = 0.000896693
MINRES: iteration  34: ||r||_B = 0.00089557
MINRES: iteration  35: ||r||_B = 0.000562864
MINRES: iteration  36: ||r||_B = 0.000402105
MINRES: iteration  37: ||r||_B = 0.000377732
MINRES: iteration  38: ||r||_B = 0.000192494
MINRES: iteration  39: ||r||_B = 0.000179536
MINRES: iteration  40: ||r||_B = 0.000133575
MINRES: iteration  41: ||r||_B = 8.55599e-05
MINRES: iteration  42: ||r||_B = 8.44272e-05
MINRES: iteration  43: ||r||_B = 4.77154e-05
MINRES: iteration  44: ||r||_B = 4.30849e-05
MINRES: iteration  45: ||r||_B = 3.53706e-05
MINRES: iteration  46: ||r||_B = 2.31329e-05
MINRES: iteration  47: ||r||_B = 2.30784e-05
MINRES: iteration  48: ||r||_B = 1.6065e-05
MINRES: iteration  49: ||r||_B = 1.26417e-05
MINRES converged in 49 iterations with a residual norm of 1.26417e-05.
MINRES solver took 0.000594462s.
|| u_h - u_ex || / || u_ex || = 0.00201566
|| p_h - p_ex || / || p_ex || = 0.000763619
***********************************************************
dim(R) = 2640
dim(W) = 1280
dim(R+W) = 3920
***********************************************************
MINRES: iteration   0: ||r||_B = 29.949
MINRES: iteration   1: ||r||_B = 20.4776
MINRES: iteration   2: ||r||_B = 14.8714
MINRES: iteration   3: ||r||_B = 6.71753
MINRES: iteration   4: ||r||_B = 6.69097
MINRES: iteration   5: ||r||_B = 3.67119
MINRES: iteration   6: ||r||_B = 3.58464
MINRES: iteration   7: ||r||_B = 2.47299
MINRES: iteration   8: ||r||_B = 2.18528
MINRES: iteration   9: ||r||_B = 1.91088
MINRES: iteration  10: ||r||_B = 1.47673
MINRES: iteration  11: ||r||_B = 1.4156
MINRES: iteration  12: ||r||_B = 1.07812
MINRES: iteration  13: ||r||_B = 1.07783
MINRES: iteration  14: ||r||_B = 0.865716
MINRES: iteration  15: ||r||_B = 0.837096
MINRES: iteration  16: ||r||_B = 0.762584
MINRES: iteration  17: ||r||_B = 0.668779
MINRES: iteration  18: ||r||_B = 0.660585
MINRES: iteration  19: ||r||_B = 0.554893
MINRES: iteration  20: ||r||_B = 0.551341
MINRES: iteration  21: ||r||_B = 0.490054
MINRES: iteration  22: ||r||_B = 0.455319
MINRES: iteration  23: ||r||_B = 0.439927
MINRES: iteration  24: ||r||_B = 0.380723
MINRES: iteration  25: ||r||_B = 0.380706
MINRES: iteration  26: ||r||_B = 0.336979
MINRES: iteration  27: ||r||_B = 0.323068
MINRES: iteration  28: ||r||_B = 0.305299
MINRES: iteration  29: ||r||_B = 0.272657
MINRES: iteration  30: ||r||_B = 0.270581
MINRES: iteration  31: ||r||_B = 0.23867
MINRES: iteration  32: ||r||_B = 0.235341
MINRES: iteration  33: ||r||_B = 0.216768
MINRES: iteration  34: ||r||_B = 0.201477
MINRES: iteration  35: ||r||_B = 0.19709
MINRES: iteration  36: ||r||_B = 0.172035
MINRES: iteration  37: ||r||_B = 0.171511
MINRES: iteration  38: ||r||_B = 0.151831
MINRES: iteration  39: ||r||_B = 0.144265
MINRES: iteration  40: ||r||_B = 0.138041
MINRES: iteration  41: ||r||_B = 0.121332
MINRES: iteration  42: ||r||_B = 0.121202
MINRES: iteration  43: ||r||_B = 0.105927
MINRES: iteration  44: ||r||_B = 0.103522
MINRES: iteration  45: ||r||_B = 0.0946157
MINRES: iteration  46: ||r||_B = 0.0842896
MINRES: iteration  47: ||r||_B = 0.0830092
MINRES: iteration  48: ||r||_B = 0.0699494
MINRES: iteration  49: ||r||_B = 0.069328
MINRES: iteration  50: ||r||_B = 0.0606795
MINRES: iteration  51: ||r||_B = 0.0545232
MINRES: iteration  52: ||r||_B = 0.0530348
MINRES: iteration  53: ||r||_B = 0.0435364
MINRES: iteration  54: ||r||_B = 0.043293
MINRES: iteration  55: ||r||_B = 0.0369879
MINRES: iteration  56: ||r||_B = 0.0346762
MINRES: iteration  57: ||r||_B = 0.0330823
MINRES: iteration  58: ||r||_B = 0.0286921
MINRES: iteration  59: ||r||_B = 0.0286868
MINRES: iteration  60: ||r||_B = 0.0247176
MINRES: iteration  61: ||r||_B = 0.0239096
MINRES: iteration  62: ||r||_B = 0.0220636
MINRES: iteration  63: ||r||_B = 0.0196349
MINRES: iteration  64: ||r||_B = 0.0194956
MINRES: iteration  65: ||r||_B = 0.0166444
MINRES: iteration  66: ||r||_B = 0.0163236
MINRES: iteration  67: ||r||_B = 0.0147775
MINRES: iteration  68: ||r||_B = 0.0134434
MINRES: iteration  69: ||r||_B = 0.0132008
MINRES: iteration  70: ||r||_B = 0.0111715
MINRES: iteration  71: ||r||_B = 0.011092
MINRES: iteration  72: ||r||_B = 0.00949125
MINRES: iteration  73: ||r||_B = 0.0086365
MINRES: iteration  74: ||r||_B = 0.00806148
MINRES: iteration  75: ||r||_B = 0.0064527
MINRES: iteration  76: ||r||_B = 0.00644183
MINRES: iteration  77: ||r||_B = 0.00500968
MINRES: iteration  78: ||r||_B = 0.00470038
MINRES: iteration  79: ||r||_B = 0.00422503
MINRES: iteration  80: ||r||_B = 0.0034474
MINRES: iteration  81: ||r||_B = 0.00341989
MINRES: iteration  82: ||r||_B = 0.00259922
MINRES: iteration  83: ||r||_B = 0.00254763
MINRES: iteration  84: ||r||_B = 0.00211176
MINRES: iteration  85: ||r||_B = 0.00173927
MINRES: iteration  86: ||r||_B = 0.00170346
MINRES: iteration  87: ||r||_B = 0.00119778
MINRES: iteration  88: ||r||_B = 0.00117669
MINRES: iteration  89: ||r||_B = 0.000938467
MINRES: iteration  90: ||r||_B = 0.000790319
MINRES: iteration  91: ||r||_B = 0.000758726
MINRES: iteration  92:***********************************************************
dim(R) = 680
dim(W) = 320
dim(R+W) = 1000
***********************************************************
MINRES: iteration   0: ||r||_B = 21.1771
MINRES: iteration   1: ||r||_B = 14.4549
MINRES: iteration   2: ||r||_B = 10.2717
MINRES: iteration   3: ||r||_B = 4.53108
MINRES: iteration   4: ||r||_B = 4.51645
MINRES: iteration   5: ||r||_B = 2.32198
MINRES: iteration   6: ||r||_B = 2.29043
MINRES: iteration   7: ||r||_B = 1.49201
MINRES: iteration   8: ||r||_B = 1.34182
MINRES: iteration   9: ||r||_B = 1.16539
MINRES: iteration  10: ||r||_B = 0.85925
MINRES: iteration  11: ||r||_B = 0.835739
MINRES: iteration  12: ||r||_B = 0.603217
MINRES: iteration  13: ||r||_B = 0.601547
MINRES: iteration  14: ||r||_B = 0.477122
MINRES: iteration  15: ||r||_B = 0.43415
MINRES: iteration  16: ||r||_B = 0.40175
MINRES: iteration  17: ||r||_B = 0.314102
MINRES: iteration  18: ||r||_B = 0.313232
MINRES: iteration  19: ||r||_B = 0.235458
MINRES: iteration  20: ||r||_B = 0.225485
MINRES: iteration  21: ||r||_B = 0.197025
MINRES: iteration  22: ||r||_B = 0.157393
MINRES: iteration  23: ||r||_B = 0.153084
MINRES: iteration  24: ||r||_B = 0.108075
MINRES: iteration  25: ||r||_B = 0.105021
MINRES: iteration  26: ||r||_B = 0.0834809
MINRES: iteration  27: ||r||_B = 0.0651486
MINRES: iteration  28: ||r||_B = 0.0625248
MINRES: iteration  29: ||r||_B = 0.0452956
MINRES: iteration  30: ||r||_B = 0.0443277
MINRES: iteration  31: ||r||_B = 0.0371119
MINRES: iteration  32: ||r||_B = 0.0308375
MINRES: iteration  33: ||r||_B = 0.0296275
MINRES: iteration  34: ||r||_B = 0.0214568
MINRES: iteration  35: ||r||_B = 0.0210332
MINRES: iteration  36: ||r||_B = 0.0167933
MINRES: iteration  37: ||r||_B = 0.0131014
MINRES: iteration  38: ||r||_B = 0.0127215
MINRES: iteration  39: ||r||_B = 0.00820428
MINRES: iteration  40: ||r||_B = 0.00780591
MINRES: iteration  41: ||r||_B = 0.00544295
MINRES: iteration  42: ||r||_B = 0.00392717
MINRES: iteration  43: ||r||_B = 0.00372772
MINRES: iteration  44: ||r||_B = 0.00224088
MINRES: iteration  45: ||r||_B = 0.00214641
MINRES: iteration  46: ||r||_B = 0.00156195
MINRES: iteration  47: ||r||_B = 0.00116296
MINRES: iteration  48: ||r||_B = 0.00113403
MINRES: iteration  49: ||r||_B = 0.000843929
MINRES: iteration  50: ||r||_B = 0.000814451
MINRES: iteration  51: ||r||_B = 0.000725262
MINRES: iteration  52: ||r||_B = 0.000666811
MINRES: iteration  53: ||r||_B = 0.000660971
MINRES: iteration  54: ||r||_B = 0.000612235
MINRES: iteration  55: ||r||_B = 0.000612167
MINRES: iteration  56: ||r||_B = 0.000552649
MINRES: iteration  57: ||r||_B = 0.000528337
MINRES: iteration  58: ||r||_B = 0.000483197
MINRES: iteration  59: ||r||_B = 0.000389185
MINRES: iteration  60: ||r||_B = 0.00038916
MINRES: iteration  61: ||r||_B = 0.000303942
MINRES: iteration  62: ||r||_B = 0.000268824
MINRES: iteration  63: ||r||_B = 0.000248719
MINRES: iteration  64: ||r||_B = 0.000199317
MINRES: iteration  65: ||r||_B = 0.000199123
MINRES: iteration  66: ||r||_B = 0.000155344
MINRES: iteration  67: ||r||_B = 0.000146438
MINRES: iteration  68: ||r||_B = 0.000129515
MINRES: iteration  69: ||r||_B = 0.000102377
MINRES: iteration  70: ||r||_B = 0.000102279
MINRES: iteration  71: ||r||_B = 7.73034e-05
MINRES: iteration  72: ||r||_B = 7.2819e-05
MINRES: iteration  73: ||r||_B = 6.28323e-05
MINRES: iteration  74: ||r||_B = 5.14936e-05
MINRES: iteration  75: ||r||_B = 5.10543e-05
MINRES: iteration  76: ||r||_B = 4.01931e-05
MINRES: iteration  77: ||r||_B = 3.91513e-05
MINRES: iteration  78: ||r||_B = 3.27993e-05
MINRES: iteration  79: ||r||_B = 2.79044e-05
MINRES: iteration  80: ||r||_B = 2.65476e-05
MINRES: iteration  81: ||r||_B = 1.86138e-05
MINRES converged in 81 iterations with a residual norm of 1.86138e-05.
MINRES solver took 0.0031787s.
|| u_h - u_ex || / || u_ex || = 0.000327147
|| p_h - p_ex || / || p_ex || = 0.00010437
Launcher: Job 1 completed in 0 seconds.
Launcher: Job 2 completed in 0 seconds.
Launcher: Task 20 done. Exiting.
Launcher: Task 39 done. Exiting.
 ||r||_B = 0.000523243
MINRES: iteration  93: ||r||_B = 0.000518847
MINRES: iteration  94: ||r||_B = 0.000398601
MINRES: iteration  95: ||r||_B = 0.000336483
MINRES: iteration  96: ||r||_B = 0.000317426
MINRES: iteration  97: ||r||_B = 0.000224129
MINRES: iteration  98: ||r||_B = 0.000221946
MINRES: iteration  99: ||r||_B = 0.000171734
MINRES: iteration 100: ||r||_B = 0.000147787
MINRES: iteration 101: ||r||_B = 0.00013984
MINRES: iteration 102: ||r||_B = 0.000109603
MINRES: iteration 103: ||r||_B = 0.000108676
MINRES: iteration 104: ||r||_B = 9.66381e-05
MINRES: iteration 105: ||r||_B = 9.10979e-05
MINRES: iteration 106: ||r||_B = 8.90468e-05
MINRES: iteration 107: ||r||_B = 8.29972e-05
MINRES: iteration 108: ||r||_B = 8.29935e-05
MINRES: iteration 109: ||r||_B = 7.90799e-05
MINRES: iteration 110: ||r||_B = 7.81577e-05
MINRES: iteration 111: ||r||_B = 7.6624e-05
MINRES: iteration 112: ||r||_B = 7.39803e-05
MINRES: iteration 113: ||r||_B = 7.38693e-05
MINRES: iteration 114: ||r||_B = 7.05087e-05
MINRES: iteration 115: ||r||_B = 7.02688e-05
MINRES: iteration 116: ||r||_B = 6.8134e-05
MINRES: iteration 117: ||r||_B = 6.63757e-05
MINRES: iteration 118: ||r||_B = 6.5671e-05
MINRES: iteration 119: ||r||_B = 6.19572e-05
MINRES: iteration 120: ||r||_B = 6.19463e-05
MINRES: iteration 121: ||r||_B = 5.73306e-05
MINRES: iteration 122: ||r||_B = 5.57101e-05
MINRES: iteration 123: ||r||_B = 5.32149e-05
MINRES: iteration 124: ||r||_B = 4.74624e-05
MINRES: iteration 125: ||r||_B = 4.74109e-05
MINRES: iteration 126: ||r||_B = 4.15451e-05
MINRES: iteration 127: ||r||_B = 4.01592e-05
MINRES: iteration 128: ||r||_B = 3.76776e-05
MINRES: iteration 129: ||r||_B = 3.44806e-05
MINRES: iteration 130: ||r||_B = 3.42322e-05
MINRES: iteration 131: ||r||_B = 3.08072e-05
MINRES: iteration 132: ||r||_B = 3.05343e-05
MINRES: iteration 133: ||r||_B = 2.82247e-05
MINRES converged in 133 iterations with a residual norm of 2.82247e-05.
MINRES solver took 0.0206302s.
|| u_h - u_ex || / || u_ex || = 8.33776e-05
|| p_h - p_ex || / || p_ex || = 4.99977e-05
Launcher: Job 3 completed in 0 seconds.
Launcher: Task 1 done. Exiting.
***********************************************************
dim(R) = 10400
dim(W) = 5120
dim(R+W) = 15520
***********************************************************
MINRES: iteration   0: ||r||_B = 42.3542
MINRES: iteration   1: ||r||_B = 28.9702
MINRES: iteration   2: ||r||_B = 21.2447
MINRES: iteration   3: ||r||_B = 9.70159
MINRES: iteration   4: ||r||_B = 9.66998
MINRES: iteration   5: ||r||_B = 5.45753
MINRES: iteration   6: ||r||_B = 5.25972
MINRES: iteration   7: ||r||_B = 3.7316
MINRES: iteration   8: ||r||_B = 3.23512
MINRES: iteration   9: ||r||_B = 2.84661
MINRES: iteration  10: ||r||_B = 2.21794
MINRES: iteration  11: ||r||_B = 2.12618
MINRES: iteration  12: ||r||_B = 1.64877
MINRES: iteration  13: ||r||_B = 1.64713
MINRES: iteration  14: ||r||_B = 1.32701
MINRES: iteration  15: ||r||_B = 1.30418
MINRES: iteration  16: ||r||_B = 1.1627
MINRES: iteration  17: ||r||_B = 1.06718
MINRES: iteration  18: ||r||_B = 1.03932
MINRES: iteration  19: ||r||_B = 0.905677
MINRES: iteration  20: ||r||_B = 0.904651
MINRES: iteration  21: ||r||_B = 0.805774
MINRES: iteration  22: ||r||_B = 0.769875
MINRES: iteration  23: ||r||_B = 0.733913
MINRES: iteration  24: ||r||_B = 0.659056
MINRES: iteration  25: ||r||_B = 0.657446
MINRES: iteration  26: ||r||_B = 0.589852
MINRES: iteration  27: ||r||_B = 0.579704
MINRES: iteration  28: ||r||_B = 0.546564
MINRES: iteration  29: ||r||_B = 0.505567
MINRES: iteration  30: ||r||_B = 0.498664
MINRES: iteration  31: ||r||_B = 0.449668
MINRES: iteration  32: ||r||_B = 0.448248
MINRES: iteration  33: ||r||_B = 0.41648
MINRES: iteration  34: ||r||_B = 0.399758
MINRES: iteration  35: ||r||_B = 0.39056
MINRES: iteration  36: ||r||_B = 0.359084
MINRES: iteration  37: ||r||_B = 0.359048
MINRES: iteration  38: ||r||_B = 0.331045
MINRES: iteration  39: ||r||_B = 0.324542
MINRES: iteration  40: ||r||_B = 0.31156
MINRES: iteration  41: ||r||_B = 0.291683
MINRES: iteration  42: ||r||_B = 0.290774
MINRES: iteration  43: ||r||_B = 0.268374
MINRES: iteration  44: ||r||_B = 0.266228
MINRES: iteration  45: ||r||_B = 0.253295
MINRES: iteration  46: ||r||_B = 0.240841
MINRES: iteration  47: ||r||_B = 0.238132
MINRES: iteration  48: ||r||_B = 0.220868
MINRES: iteration  49: ||r||_B = 0.220665
MINRES: iteration  50: ||r||_B = 0.206846
MINRES: iteration  51: ||r||_B = 0.20114
MINRES: iteration  52: ||r||_B = 0.196737
MINRES: iteration  53: ||r||_B = 0.184799
MINRES: iteration  54: ||r||_B = 0.184745
MINRES: iteration  55: ||r||_B = 0.172033
MINRES: iteration  56: ||r||_B = 0.170227
MINRES: iteration  57: ||r||_B = 0.163621
MINRES: iteration  58: ||r||_B = 0.156265
MINRES: iteration  59: ||r||_B = 0.155404
MINRES: iteration  60: ||r||_B = 0.145172
MINRES: iteration  61: ||r||_B = 0.14466
MINRES: iteration  62: ||r||_B = 0.137457
MINRES: iteration  63: ||r||_B = 0.133431
MINRES: iteration  64: ||r||_B = 0.131176
MINRES: iteration  65: ||r||_B = 0.123993
MINRES: iteration  66: ||r||_B = 0.123991
MINRES: iteration  67: ||r||_B = 0.116987
MINRES: iteration  68: ||r||_B = 0.115056
MINRES: iteration  69: ||r||_B = 0.111848
MINRES: iteration  70: ||r||_B = 0.106599
MINRES: iteration  71: ||r||_B = 0.106308
MINRES: iteration  72: ||r||_B = 0.0995415
MINRES: iteration  73: ||r||_B = 0.0988932
MINRES: iteration  74: ||r||_B = 0.0942935
MINRES: iteration  75: ||r||_B = 0.0902744
MINRES: iteration  76: ||r||_B = 0.0891034
MINRES: iteration  77: ||r||_B = 0.0826909
MINRES: iteration  78: ||r||_B = 0.0825789
MINRES: iteration  79: ||r||_B = 0.0777807
MINRES: iteration  80: ||r||_B = 0.075884
MINRES: iteration  81: ||r||_B = 0.0743264
MINRES: iteration  82: ||r||_B = 0.0701785
MINRES: iteration  83: ||r||_B = 0.0701436
MINRES: iteration  84: ||r||_B = 0.0651512
MINRES: iteration  85: ||r||_B = 0.0644554
MINRES: iteration  86: ||r||_B = 0.0622437
MINRES: iteration  87: ||r||_B = 0.0592415
MINRES: iteration  88: ||r||_B = 0.0589435
MINRES: iteration  89: ||r||_B = 0.0546688
MINRES: iteration  90: ||r||_B = 0.0545367
MINRES: iteration  91: ||r||_B = 0.0517839
MINRES: iteration  92: ||r||_B = 0.0498839
MINRES: iteration  93: ||r||_B = 0.0490737
MINRES: iteration  94: ||r||_B = 0.0454435
MINRES: iteration  95: ||r||_B = 0.0454429
MINRES: iteration  96: ||r||_B = 0.0420715
MINRES: iteration  97: ||r||_B = 0.0411823
MINRES: iteration  98: ||r||_B = 0.0396613
MINRES: iteration  99: ||r||_B = 0.0369574
MINRES: iteration 100: ||r||_B = 0.0368475
MINRES: iteration 101: ||r||_B = 0.0335261
MINRES: iteration 102: ||r||_B = 0.0331827
MINRES: iteration 103: ||r||_B = 0.0312278
MINRES: iteration 104: ||r||_B = 0.0293411
MINRES: iteration 105: ||r||_B = 0.0289451
MINRES: iteration 106: ||r||_B = 0.0260415
MINRES: iteration 107: ||r||_B = 0.0259833
MINRES: iteration 108: ||r||_B = 0.0239934
MINRES: iteration 109: ||r||_B = 0.0229912
MINRES: iteration 110: ||r||_B = 0.0223691
MINRES: iteration 111: ||r||_B = 0.0205023
MINRES: iteration 112: ||r||_B = 0.0205018
MINRES: iteration 113: ||r||_B = 0.0189322
MINRES: iteration 114: ||r||_B = 0.0185215
MINRES: iteration 115: ||r||_B = 0.0177872
MINRES: iteration 116: ||r||_B = 0.0166565
MINRES: iteration 117: ||r||_B = 0.0165753
MINRES: iteration 118: ||r||_B = 0.0153064
MINRES: iteration 119: ||r||_B = 0.015196
MINRES: iteration 120: ||r||_B = 0.0144073
MINRES: iteration 121: ||r||_B = 0.0138252
MINRES: iteration 122: ||r||_B = 0.0136168
MINRES: iteration 123: ||r||_B = 0.0126367
MINRES: iteration 124: ||r||_B = 0.0126298
MINRES: iteration 125: ||r||_B = 0.0117566
MINRES: iteration 126: ||r||_B = 0.0114661
MINRES: iteration 127: ||r||_B = 0.0111437
MINRES: iteration 128: ||r||_B = 0.0104169
MINRES: iteration 129: ||r||_B = 0.0104159
MINRES: iteration 130: ||r||_B = 0.00965211
MINRES: iteration 131: ||r||_B = 0.00949236
MINRES: iteration 132: ||r||_B = 0.00911318
MINRES: iteration 133: ||r||_B = 0.00858221
MINRES: iteration 134: ||r||_B = 0.00854067
MINRES: iteration 135: ||r||_B = 0.00783461
MINRES: iteration 136: ||r||_B = 0.00779024
MINRES: iteration 137: ||r||_B = 0.0073199
MINRES: iteration 138: ||r||_B = 0.00702801
MINRES: iteration 139: ||r||_B = 0.00688771
MINRES: iteration 140: ||r||_B = 0.0063866
MINRES: iteration 141: ||r||_B = 0.00638634
MINRES: iteration 142: ||r||_B = 0.00592656
MINRES: iteration 143: ||r||_B = 0.00580612
MINRES: iteration 144: ||r||_B = 0.0055845
MINRES: iteration 145: ||r||_B = 0.00523529
MINRES: iteration 146: ||r||_B = 0.00520317
MINRES: iteration 147: ||r||_B = 0.00470868
MINRES: iteration 148: ||r||_B = 0.00467453
MINRES: iteration 149: ||r||_B = 0.00429407
MINRES: iteration 150: ||r||_B = 0.00401026
MINRES: iteration 151: ||r||_B = 0.00391383
MINRES: iteration 152: ||r||_B = 0.00341865
MINRES: iteration 153: ||r||_B = 0.00341275
MINRES: iteration 154: ||r||_B = 0.00306083
MINRES: iteration 155: ||r||_B = 0.00292231
MINRES: iteration 156: ||r||_B = 0.00281521
MINRES: iteration 157: ||r||_B = 0.00253777
MINRES: iteration 158: ||r||_B = 0.00253295
MINRES: iteration 159: ||r||_B = 0.00224446
MINRES: iteration 160: ||r||_B = 0.00219957
MINRES: iteration 161: ||r||_B = 0.00204816
MINRES: iteration 162: ||r||_B = 0.00186001
MINRES: iteration 163: ||r||_B = 0.00184209
MINRES: iteration 164: ||r||_B = 0.00161297
MINRES: iteration 165: ||r||_B = 0.00160033
MINRES: iteration 166: ||r||_B = 0.00145404
MINRES: iteration 167: ||r||_B = 0.00135827
MINRES: iteration 168: ||r||_B = 0.00131886
MINRES: iteration 169: ||r||_B = 0.00114495
MINRES: iteration 170: ||r||_B = 0.00114382
MINRES: iteration 171: ||r||_B = 0.00100156
MINRES: iteration 172: ||r||_B = 0.000947637
MINRES: iteration 173: ||r||_B = 0.000898157
MINRES: iteration 174: ||r||_B = 0.000785129
MINRES: iteration 175: ||r||_B = 0.000783137
MINRES: iteration 176: ||r||_B = 0.000667395
MINRES: iteration 177: ||r||_B = 0.000647892
MINRES: iteration 178: ||r||_B = 0.000593352
MINRES: iteration 179: ||r||_B = 0.000523398
MINRES: iteration 180: ||r||_B = 0.00051727
MINRES: iteration 181: ||r||_B = 0.000435615
MINRES: iteration 182: ||r||_B = 0.000430895
MINRES: iteration 183: ||r||_B = 0.000380398
MINRES: iteration 184: ||r||_B = 0.000345407
MINRES: iteration 185: ||r||_B = 0.000334894
MINRES: iteration 186: ||r||_B = 0.000281578
MINRES: iteration 187: ||r||_B = 0.000281243
MINRES: iteration 188: ||r||_B = 0.000241132
MINRES: iteration 189: ||r||_B = 0.000225594
MINRES: iteration 190: ||r||_B = 0.000212579
MINRES: iteration 191: ||r||_B = 0.000178012
MINRES: iteration 192: ||r||_B = 0.00017793
MINRES: iteration 193: ||r||_B = 0.000147369
MINRES: iteration 194: ||r||_B = 0.000140854
MINRES: iteration 195: ||r||_B = 0.000128622
MINRES: iteration 196: ||r||_B = 0.000109507
MINRES: iteration 197: ||r||_B = 0.000108687
MINRES: iteration 198: ||r||_B = 8.80091e-05
MINRES: iteration 199: ||r||_B = 8.57712e-05
MINRES: iteration 200: ||r||_B = 7.53143e-05
MINRES: iteration 201: ||r||_B = 6.65225e-05
MINRES: iteration 202: ||r||_B = 6.4888e-05
MINRES: iteration 203: ||r||_B = 5.23972e-05
MINRES: iteration 204: ||r||_B = 5.19198e-05
MINRES: iteration 205: ||r||_B = 4.45754e-05
MINRES: iteration 206: ||r||_B = 4.05279e-05
MINRES converged in 206 iterations with a residual norm of 4.05279e-05.
MINRES solver took 0.121087s.
|| u_h - u_ex || / || u_ex || = 8.28607e-05
|| p_h - p_ex || / || p_ex || = 5.17693e-05
Launcher: Job 4 completed in 0 seconds.
Launcher: Task 31 done. Exiting.
***********************************************************
dim(R) = 41280
dim(W) = 20480
dim(R+W) = 61760
***********************************************************
MINRES: iteration   0: ||r||_B = 59.8979
MINRES: iteration   1: ||r||_B = 40.9717
MINRES: iteration   2: ||r||_B = 30.1814
MINRES: iteration   3: ||r||_B = 13.8522
MINRES: iteration   4: ||r||_B = 13.8151
MINRES: iteration   5: ||r||_B = 7.88953
MINRES: iteration   6: ||r||_B = 7.53609
MINRES: iteration   7: ||r||_B = 5.40797
MINRES: iteration   8: ||r||_B = 4.6406
MINRES: iteration   9: ||r||_B = 4.09057
MINRES: iteration  10: ||r||_B = 3.19132
MINRES: iteration  11: ||r||_B = 3.0648
MINRES: iteration  12: ||r||_B = 2.39035
MINRES: iteration  13: ||r||_B = 2.38802
MINRES: iteration  14: ||r||_B = 1.92306
MINRES: iteration  15: ||r||_B = 1.89681
MINRES: iteration  16: ||r||_B = 1.66224
MINRES: iteration  17: ||r||_B = 1.55286
MINRES: iteration  18: ||r||_B = 1.48249
MINRES: iteration  19: ||r||_B = 1.31627
MINRES: iteration  20: ||r||_B = 1.31595
MINRES: iteration  21: ||r||_B = 1.17134
MINRES: iteration  22: ||r||_B = 1.1387
MINRES: iteration  23: ||r||_B = 1.07397
MINRES: iteration  24: ||r||_B = 0.985047
MINRES: iteration  25: ||r||_B = 0.977014
MINRES: iteration  26: ||r||_B = 0.880066
MINRES: iteration  27: ||r||_B = 0.875493
MINRES: iteration  28: ||r||_B = 0.81795
MINRES: iteration  29: ||r||_B = 0.775623
MINRES: iteration  30: ||r||_B = 0.75974
MINRES: iteration  31: ||r||_B = 0.694966
MINRES: iteration  32: ||r||_B = 0.694857
MINRES: iteration  33: ||r||_B = 0.643597
MINRES: iteration  34: ||r||_B = 0.62859
MINRES: iteration  35: ||r||_B = 0.608109
MINRES: iteration  36: ||r||_B = 0.570954
MINRES: iteration  37: ||r||_B = 0.570493
MINRES: iteration  38: ||r||_B = 0.529711
MINRES: iteration  39: ||r||_B = 0.524415
MINRES: iteration  40: ||r||_B = 0.500097
MINRES: iteration  41: ||r||_B = 0.477642
MINRES: iteration  42: ||r||_B = 0.473503
MINRES: iteration  43: ||r||_B = 0.442571
MINRES: iteration  44: ||r||_B = 0.4418
MINRES: iteration  45: ||r||_B = 0.419935
MINRES: iteration  46: ||r||_B = 0.406831
MINRES: iteration  47: ||r||_B = 0.400063
MINRES: iteration  48: ||r||_B = 0.377004
MINRES: iteration  49: ||r||_B = 0.376951
MINRES: iteration  50: ||r||_B = 0.354287
MINRES: iteration  51: ||r||_B = 0.349415
MINRES: iteration  52: ||r||_B = 0.339848
MINRES: iteration  53: ||r||_B = 0.325553
MINRES: iteration  54: ||r||_B = 0.324767
MINRES: iteration  55: ||r||_B = 0.306038
MINRES: iteration  56: ||r||_B = 0.304843
MINRES: iteration  57: ||r||_B = 0.292553
MINRES: iteration  58: ||r||_B = 0.284371
MINRES: iteration  59: ||r||_B = 0.281356
MINRES: iteration  60: ||r||_B = 0.266836
MINRES: iteration  61: ||r||_B = 0.266708
MINRES: iteration  62: ||r||_B = 0.254675
MINRES: iteration  63: ||r||_B = 0.250113
MINRES: iteration  64: ||r||_B = 0.245164
MINRES: iteration  65: ||r||_B = 0.235161
MINRES: iteration  66: ||r||_B = 0.234979
MINRES: iteration  67: ||r||_B = 0.223786
MINRES: iteration  68: ||r||_B = 0.221977
MINRES: iteration  69: ||r||_B = 0.215913
MINRES: iteration  70: ||r||_B = 0.208914
MINRES: iteration  71: ||r||_B = 0.208003
MINRES: iteration  72: ||r||_B = 0.198391
MINRES: iteration  73: ||r||_B = 0.198015
MINRES: iteration  74: ||r||_B = 0.191333
MINRES: iteration  75: ||r||_B = 0.187409
MINRES: iteration  76: ||r||_B = 0.185308
MINRES: iteration  77: ||r||_B = 0.17763
MINRES: iteration  78: ||r||_B = 0.177629
MINRES: iteration  79: ||r||_B = 0.170259
MINRES: iteration  80: ||r||_B = 0.168343
MINRES: iteration  81: ||r||_B = 0.165171
MINRES: iteration  82: ||r||_B = 0.159902
MINRES: iteration  83: ||r||_B = 0.15967
MINRES: iteration  84: ||r||_B = 0.152619
MINRES: iteration  85: ||r||_B = 0.15201
MINRES: iteration  86: ||r||_B = 0.14808
MINRES: iteration  87: ||r||_B = 0.144523
MINRES: iteration  88: ||r||_B = 0.143673
MINRES: iteration  89: ||r||_B = 0.137579
MINRES: iteration  90: ||r||_B = 0.137528
MINRES: iteration  91: ||r||_B = 0.133022
MINRES: iteration  92: ||r||_B = 0.131115
MINRES: iteration  93: ||r||_B = 0.129545
MINRES: iteration  94: ||r||_B = 0.124923
MINRES: iteration  95: ||r||_B = 0.124893
MINRES: iteration  96: ||r||_B = 0.120145
MINRES: iteration  97: ||r||_B = 0.119328
MINRES: iteration  98: ||r||_B = 0.116881
MINRES: iteration  99: ||r||_B = 0.113745
MINRES: iteration 100: ||r||_B = 0.113432
MINRES: iteration 101: ||r||_B = 0.109113
MINRES: iteration 102: ||r||_B = 0.108889
MINRES: iteration 103: ||r||_B = 0.105897
MINRES: iteration 104: ||r||_B = 0.10399
MINRES: iteration 105: ||r||_B = 0.103147
MINRES: iteration 106: ||r||_B = 0.099593
MINRES: iteration 107: ||r||_B = 0.0995907
MINRES: iteration 108: ||r||_B = 0.0964178
MINRES: iteration 109: ||r||_B = 0.0954154
MINRES: iteration 110: ||r||_B = 0.0940408
MINRES: iteration 111: ||r||_B = 0.0912894
MINRES: iteration 112: ||r||_B = 0.0911758
MINRES: iteration 113: ||r||_B = 0.0880703
MINRES: iteration 114: ||r||_B = 0.0877152
MINRES: iteration 115: ||r||_B = 0.0858303
MINRES: iteration 116: ||r||_B = 0.0839611
MINRES: iteration 117: ||r||_B = 0.083546
MINRES: iteration 118: ||r||_B = 0.080746
MINRES: iteration 119: ||r||_B = 0.0806911
MINRES: iteration 120: ||r||_B = 0.0784814
MINRES: iteration 121: ||r||_B = 0.0774873
MINRES: iteration 122: ||r||_B = 0.0766517
MINRES: iteration 123: ||r||_B = 0.0744249
MINRES: iteration 124: ||r||_B = 0.0744187
MINRES: iteration 125: ||r||_B = 0.0720646
MINRES: iteration 126: ||r||_B = 0.0716047
MINRES: iteration 127: ||r||_B = 0.070354
MINRES: iteration 128: ||r||_B = 0.0687258
MINRES: iteration 129: ||r||_B = 0.0685848
MINRES: iteration 130: ||r||_B = 0.0664029
MINRES: iteration 131: ||r||_B = 0.0662527
MINRES: iteration 132: ||r||_B = 0.0647351
MINRES: iteration 133: ||r||_B = 0.0636618
MINRES: iteration 134: ||r||_B = 0.0632611
MINRES: iteration 135: ||r||_B = 0.0613482
MINRES: iteration 136: ||r||_B = 0.061341
MINRES: iteration 137: ||r||_B = 0.0596653
MINRES: iteration 138: ||r||_B = 0.0590846
MINRES: iteration 139: ||r||_B = 0.0584133
MINRES: iteration 140: ||r||_B = 0.0569592
MINRES: iteration 141: ||r||_B = 0.056917
MINRES: iteration 142: ||r||_B = 0.0552828
MINRES: iteration 143: ||r||_B = 0.0550822
MINRES: iteration 144: ||r||_B = 0.0541233
MINRES: iteration 145: ||r||_B = 0.0531325
MINRES: iteration 146: ||r||_B = 0.0529029
MINRES: iteration 147: ||r||_B = 0.0512156
MINRES: iteration 148: ||r||_B = 0.0511882
MINRES: iteration 149: ||r||_B = 0.0496701
MINRES: iteration 150: ||r||_B = 0.0489747
MINRES: iteration 151: ||r||_B = 0.0484401
MINRES: iteration 152: ||r||_B = 0.0467535
MINRES: iteration 153: ||r||_B = 0.0467527
MINRES: iteration 154: ||r||_B = 0.0450585
MINRES: iteration 155: ||r||_B = 0.0446975
MINRES: iteration 156: ||r||_B = 0.0439346
MINRES: iteration 157: ||r||_B = 0.042772
MINRES: iteration 158: ||r||_B = 0.0426866
MINRES: iteration 159: ||r||_B = 0.0411403
MINRES: iteration 160: ||r||_B = 0.041029
MINRES: iteration 161: ||r||_B = 0.0400253
MINRES: iteration 162: ||r||_B = 0.039243
MINRES: iteration 163: ||r||_B = 0.0390052
MINRES: iteration 164: ||r||_B = 0.0376991
MINRES: iteration 165: ||r||_B = 0.0376837
MINRES: iteration 166: ||r||_B = 0.0365825
MINRES: iteration 167: ||r||_B = 0.0361722
MINRES: iteration 168: ||r||_B = 0.0357171
MINRES: iteration 169: ||r||_B = 0.0346764
MINRES: iteration 170: ||r||_B = 0.0346637
MINRES: iteration 171: ||r||_B = 0.0335006
MINRES: iteration 172: ||r||_B = 0.033327
MINRES: iteration 173: ||r||_B = 0.0326776
MINRES: iteration 174: ||r||_B = 0.0319423
MINRES: iteration 175: ||r||_B = 0.031833
MINRES: iteration 176: ||r||_B = 0.0307331
MINRES: iteration 177: ||r||_B = 0.0306911
MINRES: iteration 178: ||r||_B = 0.0298862
MINRES: iteration 179: ||r||_B = 0.0294196
MINRES: iteration 180: ||r||_B = 0.0291696
MINRES: iteration 181: ||r||_B = 0.0282038
MINRES: iteration 182: ||r||_B = 0.0282038
MINRES: iteration 183: ||r||_B = 0.0272543
MINRES: iteration 184: ||r||_B = 0.0270122
MINRES: iteration 185: ||r||_B = 0.0265852
MINRES: iteration 186: ||r||_B = 0.0258312
MINRES: iteration 187: ||r||_B = 0.0257883
MINRES: iteration 188: ||r||_B = 0.0248166
MINRES: iteration 189: ||r||_B = 0.02474
MINRES: iteration 190: ||r||_B = 0.0241255
MINRES: iteration 191: ||r||_B = 0.0235944
MINRES: iteration 192: ||r||_B = 0.0234473
MINRES: iteration 193: ||r||_B = 0.0225561
MINRES: iteration 194: ||r||_B = 0.0225485
MINRES: iteration 195: ||r||_B = 0.0217873
MINRES: iteration 196: ||r||_B = 0.0214798
MINRES: iteration 197: ||r||_B = 0.0211612
MINRES: iteration 198: ||r||_B = 0.0204119
MINRES: iteration 199: ||r||_B = 0.0204038
MINRES: iteration 200: ||r||_B = 0.0195641
MINRES: iteration 201: ||r||_B = 0.019425
MINRES: iteration 202: ||r||_B = 0.0189532
MINRES: iteration 203: ||r||_B = 0.0183741
MINRES: iteration 204: ||r||_B = 0.0182987
MINRES: iteration 205: ||r||_B = 0.0174544
MINRES: iteration 206: ||r||_B = 0.0174194
MINRES: iteration 207: ||r||_B = 0.0167979
MINRES: iteration 208: ||r||_B = 0.0163982
MINRES: iteration 209: ||r||_B = 0.0162116
MINRES: iteration 210: ||r||_B = 0.0154586
MINRES: iteration 211: ||r||_B = 0.0154584
MINRES: iteration 212: ||r||_B = 0.0147639
MINRES: iteration 213: ||r||_B = 0.0145514
MINRES: iteration 214: ||r||_B = 0.0142342
MINRES: iteration 215: ||r||_B = 0.0136624
MINRES: iteration 216: ||r||_B = 0.0136436
MINRES: iteration 217: ||r||_B = 0.012968
MINRES: iteration 218: ||r||_B = 0.012889
MINRES: iteration 219: ||r||_B = 0.0124809
MINRES: iteration 220: ||r||_B = 0.0121128
MINRES: iteration 221: ||r||_B = 0.0120351
MINRES: iteration 222: ||r||_B = 0.0114481
MINRES: iteration 223: ||r||_B = 0.0114342
MINRES: iteration 224: ||r||_B = 0.0109779
MINRES: iteration 225: ||r||_B = 0.0107687
MINRES: iteration 226: ||r||_B = 0.0106194
MINRES: iteration 227: ||r||_B = 0.0101709
MINRES: iteration 228: ||r||_B = 0.01017
MINRES: iteration 229: ||r||_B = 0.00972284
MINRES: iteration 230: ||r||_B = 0.0096265
MINRES: iteration 231: ||r||_B = 0.00941625
MINRES: iteration 232: ||r||_B = 0.00910687
MINRES: iteration 233: ||r||_B = 0.00908403
MINRES: iteration 234: ||r||_B = 0.00869394
MINRES: iteration 235: ||r||_B = 0.00866691
MINRES: iteration 236: ||r||_B = 0.00842026
MINRES: iteration 237: ||r||_B = 0.0082452
MINRES: iteration 238: ||r||_B = 0.00818107
MINRES: iteration 239: ||r||_B = 0.00787237
MINRES: iteration 240: ||r||_B = 0.00787132
MINRES: iteration 241: ||r||_B = 0.00759955
MINRES: iteration 242: ||r||_B = 0.007515
MINRES: iteration 243: ||r||_B = 0.00740043
MINRES: iteration 244: ||r||_B = 0.00717082
MINRES: iteration 245: ||r||_B = 0.00716427
MINRES: iteration 246: ||r||_B = 0.00689051
MINRES: iteration 247: ||r||_B = 0.00685448
MINRES: iteration 248: ||r||_B = 0.00670085
MINRES: iteration 249: ||r||_B = 0.00653424
MINRES: iteration 250: ||r||_B = 0.00651054
MINRES: iteration 251: ||r||_B = 0.00626466
MINRES: iteration 252: ||r||_B = 0.00625368
MINRES: iteration 253: ||r||_B = 0.00607283
MINRES: iteration 254: ||r||_B = 0.00596063
MINRES: iteration 255: ||r||_B = 0.00590642
MINRES: iteration 256: ||r||_B = 0.00568642
MINRES: iteration 257: ||r||_B = 0.00568639
MINRES: iteration 258: ||r||_B = 0.00547438
MINRES: iteration 259: ||r||_B = 0.00541807
MINRES: iteration 260: ||r||_B = 0.00531799
MINRES: iteration 261: ||r||_B = 0.00515753
MINRES: iteration 262: ||r||_B = 0.0051476
MINRES: iteration 263: ||r||_B = 0.00494373
MINRES: iteration 264: ||r||_B = 0.00492575
MINRES: iteration 265: ||r||_B = 0.00479064
MINRES: iteration 266: ||r||_B = 0.00468714
MINRES: iteration 267: ||r||_B = 0.00465307
MINRES: iteration 268: ||r||_B = 0.00447055
MINRES: iteration 269: ||r||_B = 0.00446861
MINRES: iteration 270: ||r||_B = 0.00430958
MINRES: iteration 271: ||r||_B = 0.00424897
MINRES: iteration 272: ||r||_B = 0.00418789
MINRES: iteration 273: ||r||_B = 0.00404156
MINRES: iteration 274: ||r||_B = 0.00403938
MINRES: iteration 275: ||r||_B = 0.0038774
MINRES: iteration 276: ||r||_B = 0.00385191
MINRES: iteration 277: ||r||_B = 0.0037639
MINRES: iteration 278: ||r||_B = 0.00366012
MINRES: iteration 279: ||r||_B = 0.00364578
MINRES: iteration 280: ||r||_B = 0.00349649
MINRES: iteration 281: ||r||_B = 0.00349073
MINRES: iteration 282: ||r||_B = 0.00337623
MINRES: iteration 283: ||r||_B = 0.00331263
MINRES: iteration 284: ||r||_B = 0.0032757
MINRES: iteration 285: ||r||_B = 0.00314587
MINRES: iteration 286: ||r||_B = 0.00314587
MINRES: iteration 287: ||r||_B = 0.00301973
MINRES: iteration 288: ||r||_B = 0.00298868
MINRES: iteration 289: ||r||_B = 0.00293305
MINRES: iteration 290: ||r||_B = 0.00284233
MINRES: iteration 291: ||r||_B = 0.0028386
MINRES: iteration 292: ||r||_B = 0.0027258
MINRES: iteration 293: ||r||_B = 0.00271592
MINRES: iteration 294: ||r||_B = 0.00264467
MINRES: iteration 295: ||r||_B = 0.00259107
MINRES: iteration 296: ||r||_B = 0.00257291
MINRES: iteration 297: ||r||_B = 0.00247219
MINRES: iteration 298: ||r||_B = 0.00247172
MINRES: iteration 299: ||r||_B = 0.00236342
MINRES: iteration 300: ||r||_B = 0.00232493
MINRES: iteration 301: ||r||_B = 0.00227178
MINRES: iteration 302: ||r||_B = 0.00215141
MINRES: iteration 303: ||r||_B = 0.00215027
MINRES: iteration 304: ||r||_B = 0.00201369
MINRES: iteration 305: ||r||_B = 0.00198847
MINRES: iteration 306: ||r||_B = 0.0019233
MINRES: iteration 307: ||r||_B = 0.00183812
MINRES: iteration 308: ||r||_B = 0.00182985
MINRES: iteration 309: ||r||_B = 0.0017137
MINRES: iteration 310: ||r||_B = 0.00170736
MINRES: iteration 311: ||r||_B = 0.00162671
MINRES: iteration 312: ||r||_B = 0.00156955
MINRES: iteration 313: ||r||_B = 0.00154916
MINRES: iteration 314: ||r||_B = 0.00144925
MINRES: iteration 315: ||r||_B = 0.00144879
MINRES: iteration 316: ||r||_B = 0.0013692
MINRES: iteration 317: ||r||_B = 0.00134307
MINRES: iteration 318: ||r||_B = 0.00131228
MINRES: iteration 319: ||r||_B = 0.0012478
MINRES: iteration 320: ||r||_B = 0.00124615
MINRES: iteration 321: ||r||_B = 0.00116942
MINRES: iteration 322: ||r||_B = 0.00115896
MINRES: iteration 323: ||r||_B = 0.00111515
MINRES: iteration 324: ||r||_B = 0.00106929
MINRES: iteration 325: ||r||_B = 0.001062
MINRES: iteration 326: ||r||_B = 0.000997654
MINRES: iteration 327: ||r||_B = 0.000995363
MINRES: iteration 328: ||r||_B = 0.00094789
MINRES: iteration 329: ||r||_B = 0.000921647
MINRES: iteration 330: ||r||_B = 0.000904854
MINRES: iteration 331: ||r||_B = 0.000851801
MINRES: iteration 332: ||r||_B = 0.000851772
MINRES: iteration 333: ||r||_B = 0.000800418
MINRES: iteration 334: ||r||_B = 0.000787833
MINRES: iteration 335: ||r||_B = 0.000763201
MINRES: iteration 336: ||r||_B = 0.0007244
MINRES: iteration 337: ||r||_B = 0.000721833
MINRES: iteration 338: ||r||_B = 0.000672681
MINRES: iteration 339: ||r||_B = 0.000668854
MINRES: iteration 340: ||r||_B = 0.000638182
MINRES: iteration 341: ||r||_B = 0.000612803
MINRES: iteration 342: ||r||_B = 0.000605413
MINRES: iteration 343: ||r||_B = 0.000562921
MINRES: iteration 344: ||r||_B = 0.000562729
MINRES: iteration 345: ||r||_B = 0.000527646
MINRES: iteration 346: ||r||_B = 0.000514158
MINRES: iteration 347: ||r||_B = 0.000501483
MINRES: iteration 348: ||r||_B = 0.000469057
MINRES: iteration 349: ||r||_B = 0.000468651
MINRES: iteration 350: ||r||_B = 0.000434279
MINRES: iteration 351: ||r||_B = 0.00042913
MINRES: iteration 352: ||r||_B = 0.000410511
MINRES: iteration 353: ||r||_B = 0.00038759
MINRES: iteration 354: ||r||_B = 0.000385255
MINRES: iteration 355: ||r||_B = 0.000354406
MINRES: iteration 356: ||r||_B = 0.000352872
MINRES: iteration 357: ||r||_B = 0.00033135
MINRES: iteration 358: ||r||_B = 0.000318649
MINRES: iteration 359: ||r||_B = 0.000312314
MINRES: iteration 360: ||r||_B = 0.000288107
MINRES: iteration 361: ||r||_B = 0.000288072
MINRES: iteration 362: ||r||_B = 0.000266275
MINRES: iteration 363: ||r||_B = 0.000259996
MINRES: iteration 364: ||r||_B = 0.00025069
MINRES: iteration 365: ||r||_B = 0.000234312
MINRES: iteration 366: ||r||_B = 0.000233695
MINRES: iteration 367: ||r||_B = 0.000214433
MINRES: iteration 368: ||r||_B = 0.000212201
MINRES: iteration 369: ||r||_B = 0.000201324
MINRES: iteration 370: ||r||_B = 0.000191218
MINRES: iteration 371: ||r||_B = 0.000188965
MINRES: iteration 372: ||r||_B = 0.000173198
MINRES: iteration 373: ||r||_B = 0.000172852
MINRES: iteration 374: ||r||_B = 0.000160399
MINRES: iteration 375: ||r||_B = 0.000154295
MINRES: iteration 376: ||r||_B = 0.000150391
MINRES: iteration 377: ||r||_B = 0.000137948
MINRES: iteration 378: ||r||_B = 0.00013794
MINRES: iteration 379: ||r||_B = 0.00012624
MINRES: iteration 380: ||r||_B = 0.000123481
MINRES: iteration 381: ||r||_B = 0.000118178
MINRES: iteration 382: ||r||_B = 0.000110022
MINRES: iteration 383: ||r||_B = 0.000109593
MINRES: iteration 384: ||r||_B = 9.97319e-05
MINRES: iteration 385: ||r||_B = 9.88833e-05
MINRES: iteration 386: ||r||_B = 9.26419e-05
MINRES: iteration 387: ||r||_B = 8.77625e-05
MINRES: iteration 388: ||r||_B = 8.64599e-05
MINRES: iteration 389: ||r||_B = 7.85485e-05
MINRES: iteration 390: ||r||_B = 7.84542e-05
MINRES: iteration 391: ||r||_B = 7.19644e-05
MINRES: iteration 392: ||r||_B = 6.93926e-05
MINRES: iteration 393: ||r||_B = 6.71892e-05
MINRES: iteration 394: ||r||_B = 6.12766e-05
MINRES: iteration 395: ||r||_B = 6.12544e-05
MINRES: iteration 396: ||r||_B = 5.55236e-05
MINRES converged in 396 iterations with a residual norm of 5.55236e-05.
MINRES solver took 0.916006s.
|| u_h - u_ex || / || u_ex || = 0.000143587
|| p_h - p_ex || / || p_ex || = 3.49368e-05
Launcher: Job 5 completed in 1 seconds.
Launcher: Task 32 done. Exiting.
Launcher: Done. Job exited without errors
